Flow report for CPU_RISC_ComputerArchitectureSharif
Fri Feb 05 10:46:54 2021
Quartus II 64-Bit Version 13.0.1 Build 232 06/12/2013 Service Pack 1 SJ Web Edition


---------------------
; Table of Contents ;
---------------------
  1. Legal Notice
  2. Flow Summary
  3. Flow Settings
  4. Flow Non-Default Global Settings
  5. Flow Elapsed Time
  6. Flow OS Summary
  7. Flow Log
  8. Flow Messages
  9. Flow Suppressed Messages



----------------
; Legal Notice ;
----------------
Copyright (C) 1991-2013 Altera Corporation
Your use of Altera Corporation's design tools, logic functions 
and other software and tools, and its AMPP partner logic 
functions, and any output files from any of the foregoing 
(including device programming or simulation files), and any 
associated documentation or information are expressly subject 
to the terms and conditions of the Altera Program License 
Subscription Agreement, Altera MegaCore Function License 
Agreement, or other applicable license agreement, including, 
without limitation, that your use is for the sole purpose of 
programming logic devices manufactured by Altera and sold by 
Altera or its authorized distributors.  Please refer to the 
applicable agreement for further details.



+--------------------------------------------------------------------------------------+
; Flow Summary                                                                         ;
+------------------------------------+-------------------------------------------------+
; Flow Status                        ; Successful - Fri Feb 05 10:46:49 2021           ;
; Quartus II 64-Bit Version          ; 13.0.1 Build 232 06/12/2013 SP 1 SJ Web Edition ;
; Revision Name                      ; CPU_RISC_ComputerArchitectureSharif             ;
; Top-level Entity Name              ; CPU_RISC_ComputerArchitectureSharif             ;
; Family                             ; Cyclone IV GX                                   ;
; Total logic elements               ; 101 / 21,280 ( < 1 % )                          ;
;     Total combinational functions  ; 96 / 21,280 ( < 1 % )                           ;
;     Dedicated logic registers      ; 8 / 21,280 ( < 1 % )                            ;
; Total registers                    ; 8                                               ;
; Total pins                         ; 98 / 167 ( 59 % )                               ;
; Total virtual pins                 ; 0                                               ;
; Total memory bits                  ; 524,288 / 774,144 ( 68 % )                      ;
; Embedded Multiplier 9-bit elements ; 0 / 80 ( 0 % )                                  ;
; Total GXB Receiver Channel PCS     ; 0 / 4 ( 0 % )                                   ;
; Total GXB Receiver Channel PMA     ; 0 / 4 ( 0 % )                                   ;
; Total GXB Transmitter Channel PCS  ; 0 / 4 ( 0 % )                                   ;
; Total GXB Transmitter Channel PMA  ; 0 / 4 ( 0 % )                                   ;
; Total PLLs                         ; 0 / 4 ( 0 % )                                   ;
; Device                             ; EP4CGX22CF19C6                                  ;
; Timing Models                      ; Final                                           ;
+------------------------------------+-------------------------------------------------+


+---------------------------------------------------------+
; Flow Settings                                           ;
+-------------------+-------------------------------------+
; Option            ; Setting                             ;
+-------------------+-------------------------------------+
; Start date & time ; 02/05/2021 10:46:29                 ;
; Main task         ; Compilation                         ;
; Revision Name     ; CPU_RISC_ComputerArchitectureSharif ;
+-------------------+-------------------------------------+


+------------------------------------------------------------------------------------------------------------------+
; Flow Non-Default Global Settings                                                                                 ;
+-------------------------------------+---------------------------------+---------------+-------------+------------+
; Assignment Name                     ; Value                           ; Default Value ; Entity Name ; Section Id ;
+-------------------------------------+---------------------------------+---------------+-------------+------------+
; COMPILER_SIGNATURE_ID               ; 154027275327519.161250938817532 ; --            ; --          ; --         ;
; IP_TOOL_NAME                        ; RAM: 1-PORT                     ; --            ; --          ; --         ;
; IP_TOOL_NAME                        ; LPM_ADD_SUB                     ; --            ; --          ; --         ;
; IP_TOOL_NAME                        ; LPM_DECODE                      ; --            ; --          ; --         ;
; IP_TOOL_VERSION                     ; 13.0                            ; --            ; --          ; --         ;
; IP_TOOL_VERSION                     ; 13.0                            ; --            ; --          ; --         ;
; IP_TOOL_VERSION                     ; 13.0                            ; --            ; --          ; --         ;
; MISC_FILE                           ; packages/Memory/MainMemory.bsf  ; --            ; --          ; --         ;
; MISC_FILE                           ; packages/Memory/MainMemory.cmp  ; --            ; --          ; --         ;
; MISC_FILE                           ; lpm_add_sub0.bsf                ; --            ; --          ; --         ;
; MISC_FILE                           ; lpm_add_sub0.cmp                ; --            ; --          ; --         ;
; MISC_FILE                           ; packages/Memory/lpm_decode0.bsf ; --            ; --          ; --         ;
; MISC_FILE                           ; packages/Memory/lpm_decode0.cmp ; --            ; --          ; --         ;
; PARTITION_COLOR                     ; 16764057                        ; --            ; --          ; Top        ;
; PARTITION_FITTER_PRESERVATION_LEVEL ; PLACEMENT_AND_ROUTING           ; --            ; --          ; Top        ;
; PARTITION_NETLIST_TYPE              ; SOURCE                          ; --            ; --          ; Top        ;
; PROJECT_OUTPUT_DIRECTORY            ; output_files                    ; --            ; --          ; --         ;
+-------------------------------------+---------------------------------+---------------+-------------+------------+


+-------------------------------------------------------------------------------------------------------------------------------+
; Flow Elapsed Time                                                                                                             ;
+---------------------------+--------------+-------------------------+---------------------+------------------------------------+
; Module Name               ; Elapsed Time ; Average Processors Used ; Peak Virtual Memory ; Total CPU Time (on all processors) ;
+---------------------------+--------------+-------------------------+---------------------+------------------------------------+
; Analysis & Synthesis      ; 00:00:05     ; 1.0                     ; 4708 MB             ; 00:00:04                           ;
; Fitter                    ; 00:00:13     ; 1.0                     ; 5014 MB             ; 00:00:11                           ;
; Assembler                 ; 00:00:04     ; 1.0                     ; 4616 MB             ; 00:00:03                           ;
; TimeQuest Timing Analyzer ; 00:00:04     ; 1.0                     ; 4608 MB             ; 00:00:05                           ;
; Total                     ; 00:00:26     ; --                      ; --                  ; 00:00:23                           ;
+---------------------------+--------------+-------------------------+---------------------+------------------------------------+


+----------------------------------------------------------------------------------------+
; Flow OS Summary                                                                        ;
+---------------------------+------------------+-----------+------------+----------------+
; Module Name               ; Machine Hostname ; OS Name   ; OS Version ; Processor type ;
+---------------------------+------------------+-----------+------------+----------------+
; Analysis & Synthesis      ; DESKTOP-6M34HF0  ; Windows 7 ; 6.2        ; x86_64         ;
; Fitter                    ; DESKTOP-6M34HF0  ; Windows 7 ; 6.2        ; x86_64         ;
; Assembler                 ; DESKTOP-6M34HF0  ; Windows 7 ; 6.2        ; x86_64         ;
; TimeQuest Timing Analyzer ; DESKTOP-6M34HF0  ; Windows 7 ; 6.2        ; x86_64         ;
+---------------------------+------------------+-----------+------------+----------------+


------------
; Flow Log ;
------------
quartus_map --read_settings_files=on --write_settings_files=off CPU_RISC_ComputerArchitectureSharif -c CPU_RISC_ComputerArchitectureSharif
quartus_fit --read_settings_files=off --write_settings_files=off CPU_RISC_ComputerArchitectureSharif -c CPU_RISC_ComputerArchitectureSharif
quartus_asm --read_settings_files=off --write_settings_files=off CPU_RISC_ComputerArchitectureSharif -c CPU_RISC_ComputerArchitectureSharif
quartus_sta CPU_RISC_ComputerArchitectureSharif -c CPU_RISC_ComputerArchitectureSharif



